<?xml version="1.0" encoding="UTF-8"?>
<testng-results ignored="0" total="2" passed="2" failed="0" skipped="0">
  <reporter-output>
  </reporter-output>
  <suite started-at="2025-01-18T14:49:07 EET" name="sprint1" finished-at="2025-01-18T14:49:19 EET" duration-ms="11655">
    <groups>
    </groups>
    <test started-at="2025-01-18T14:49:07 EET" name="Login to SwagLabs With Valid Credientials" finished-at="2025-01-18T14:49:19 EET" duration-ms="11655">
      <class name="testcases.TC06_Complete_checkout">
        <test-method is-config="true" signature="bruteforce()[pri:0, instance:testcases.TC06_Complete_checkout@4f209819]" started-at="2025-01-18T14:49:07 EET" name="bruteforce" finished-at="2025-01-18T14:49:07 EET" duration-ms="125" status="PASS">
          <reporter-output>
          </reporter-output>
        </test-method> <!-- bruteforce -->
        <test-method is-config="true" signature="OpenBrower(java.lang.String)[pri:0, instance:testcases.TC06_Complete_checkout@4f209819]" started-at="2025-01-18T14:49:07 EET" name="OpenBrower" finished-at="2025-01-18T14:49:14 EET" duration-ms="6426" status="PASS">
          <params>
            <param index="0">
              <value>
                <![CDATA[chrome-headless]]>
              </value>
            </param>
          </params>
          <reporter-output>
          </reporter-output>
        </test-method> <!-- OpenBrower -->
        <test-method signature="confirmationOrder_P()[pri:1, instance:testcases.TC06_Complete_checkout@4f209819]" started-at="2025-01-18T14:49:14 EET" name="confirmationOrder_P" description="Verify order confirmation message" finished-at="2025-01-18T14:49:19 EET" duration-ms="4812" status="PASS">
          <reporter-output>
          </reporter-output>
        </test-method> <!-- confirmationOrder_P -->
        <test-method is-config="true" signature="TearDown()[pri:0, instance:testcases.TC06_Complete_checkout@4f209819]" started-at="2025-01-18T14:49:19 EET" name="TearDown" finished-at="2025-01-18T14:49:19 EET" duration-ms="382" status="PASS">
          <reporter-output>
          </reporter-output>
        </test-method> <!-- TearDown -->
        <test-method is-config="true" signature="afterSuite()[pri:0, instance:testcases.TC06_Complete_checkout@4f209819]" started-at="2025-01-18T14:49:19 EET" name="afterSuite" finished-at="2025-01-18T14:49:19 EET" duration-ms="253" status="PASS">
          <reporter-output>
          </reporter-output>
        </test-method> <!-- afterSuite -->
      </class> <!-- testcases.TC06_Complete_checkout -->
    </test> <!-- Login to SwagLabs With Valid Credientials -->
  </suite> <!-- sprint1 -->
  <suite started-at="2025-01-18T14:49:40 EET" name="Swaglabs" finished-at="2025-01-18T14:49:40 EET" duration-ms="0">
    <groups>
    </groups>
  </suite> <!-- Swaglabs -->
  <suite started-at="2025-01-18T14:49:19 EET" name="sprint1 (0)" finished-at="2025-01-18T14:49:39 EET" duration-ms="20017">
    <groups>
    </groups>
    <test started-at="2025-01-18T14:49:19 EET" name="Login to SwagLabs With Valid Credientials" finished-at="2025-01-18T14:49:39 EET" duration-ms="20017">
      <class name="testcases.TC07_Return_Back_to_Continue_Shopping">
        <test-method is-config="true" signature="bruteforce()[pri:0, instance:testcases.TC07_Return_Back_to_Continue_Shopping@7334aada]" started-at="2025-01-18T14:49:19 EET" name="bruteforce" finished-at="2025-01-18T14:49:19 EET" duration-ms="32" status="PASS">
          <reporter-output>
          </reporter-output>
        </test-method> <!-- bruteforce -->
        <test-method is-config="true" signature="OpenBrower(java.lang.String)[pri:0, instance:testcases.TC07_Return_Back_to_Continue_Shopping@7334aada]" started-at="2025-01-18T14:49:19 EET" name="OpenBrower" finished-at="2025-01-18T14:49:26 EET" duration-ms="6506" status="PASS">
          <params>
            <param index="0">
              <value>
                <![CDATA[chrome-headless]]>
              </value>
            </param>
          </params>
          <reporter-output>
          </reporter-output>
        </test-method> <!-- OpenBrower -->
        <test-method signature="Continue_Shopping_P()[pri:1, instance:testcases.TC07_Return_Back_to_Continue_Shopping@7334aada]" started-at="2025-01-18T14:49:26 EET" name="Continue_Shopping_P" description="Verify That user can Continue Shopping" finished-at="2025-01-18T14:49:39 EET" duration-ms="13173" status="PASS">
          <reporter-output>
          </reporter-output>
        </test-method> <!-- Continue_Shopping_P -->
        <test-method is-config="true" signature="TearDown()[pri:0, instance:testcases.TC07_Return_Back_to_Continue_Shopping@7334aada]" started-at="2025-01-18T14:49:39 EET" name="TearDown" finished-at="2025-01-18T14:49:39 EET" duration-ms="337" status="PASS">
          <reporter-output>
          </reporter-output>
        </test-method> <!-- TearDown -->
        <test-method is-config="true" signature="afterSuite()[pri:0, instance:testcases.TC07_Return_Back_to_Continue_Shopping@7334aada]" started-at="2025-01-18T14:49:39 EET" name="afterSuite" finished-at="2025-01-18T14:49:40 EET" duration-ms="111" status="PASS">
          <reporter-output>
          </reporter-output>
        </test-method> <!-- afterSuite -->
      </class> <!-- testcases.TC07_Return_Back_to_Continue_Shopping -->
    </test> <!-- Login to SwagLabs With Valid Credientials -->
  </suite> <!-- sprint1 (0) -->
</testng-results>
