<?xml version="1.0" encoding="UTF-8"?>
<testng-results ignored="0" total="0" passed="0" failed="0" skipped="0">
  <reporter-output>
  </reporter-output>
  <suite started-at="2025-01-09T19:20:07 EET" name="testcases.T01_BaseTest" finished-at="2025-01-09T19:20:13 EET" duration-ms="6313">
    <groups>
    </groups>
    <test started-at="2025-01-09T19:20:07 EET" name="Command line test" finished-at="2025-01-09T19:20:13 EET" duration-ms="6313">
      <class name="testcases.T01_BaseTest">
        <test-method is-config="true" signature="setupDriver(java.lang.String)[pri:0, instance:testcases.T01_BaseTest@7c417213]" started-at="2025-01-09T19:20:07 EET" name="setupDriver" finished-at="2025-01-09T19:20:12 EET" duration-ms="5374" status="PASS">
          <params>
            <param index="0">
              <value>
                <![CDATA[chrome]]>
              </value>
            </param>
          </params>
          <reporter-output>
          </reporter-output>
        </test-method> <!-- setupDriver -->
        <test-method is-config="true" signature="tearDown()[pri:0, instance:testcases.T01_BaseTest@7c417213]" started-at="2025-01-09T19:20:12 EET" name="tearDown" finished-at="2025-01-09T19:20:13 EET" duration-ms="896" status="PASS">
          <reporter-output>
          </reporter-output>
        </test-method> <!-- tearDown -->
      </class> <!-- testcases.T01_BaseTest -->
    </test> <!-- Command line test -->
  </suite> <!-- testcases.T01_BaseTest -->
</testng-results>
