<?xml version="1.0" encoding="UTF-8"?>
<testsuite xmlns:xsi="http://www.w3.org/2001/XMLSchema-instance" xsi:noNamespaceSchemaLocation="https://maven.apache.org/surefire/maven-surefire-plugin/xsd/surefire-test-report-3.0.xsd" version="3.0" name="TestSuite" time="34.127" tests="2" errors="0" skipped="0" failures="0">
  <properties>
[...]
</properties>
  <testcase name="confirmationOrder_P" classname="testcases.TC06_Complete_checkout" time="5.489">
    <system-out><![CDATA[Random number of products to select: 5
Selected Product: Sauce Labs Fleece Jacket | Price: $49.99
Selected Product: Sauce Labs Bike Light | Price: $9.99
Selected Product: Sauce Labs Bolt T-Shirt | Price: $15.99
Selected Product: Test.allTheThings() T-Shirt (Red) | Price: $15.99
Selected Product: Sauce Labs Backpack | Price: $29.99
Checkout Summary:
Total Price Before Tax: Item total: $121.94999999999999
Tax: Tax: $9.76
Total Price After Tax: Total: $131.71
Order Confirmation Message: THANK YOU FOR YOUR ORDER
]]></system-out>
    <system-err><![CDATA[SLF4J: Failed to load class "org.slf4j.impl.StaticLoggerBinder".
SLF4J: Defaulting to no-operation (NOP) logger implementation
SLF4J: See http://www.slf4j.org/codes.html#StaticLoggerBinder for further details.
]]></system-err>
  </testcase>
  <testcase name="Continue_Shopping_P" classname="testcases.TC07_Return_Back_to_Continue_Shopping" time="13.712">
    <system-out><![CDATA[Random number of products to select: 5
Selected Product: Sauce Labs Bike Light | Price: $9.99
Selected Product: Sauce Labs Backpack | Price: $29.99
Selected Product: Sauce Labs Onesie | Price: $7.99
Selected Product: Test.allTheThings() T-Shirt (Red) | Price: $15.99
Selected Product: Sauce Labs Bolt T-Shirt | Price: $15.99
Checkout Summary:
Total Price Before Tax: Item total: $79.95
Tax: Tax: $6.40
Total Price After Tax: Total: $86.35
Checkout Summary:
Total Price Before Tax: Item total: $49.96
Tax: Tax: $4.00
Total Price After Tax: Total: $53.96
Order Confirmation Message: THANK YOU FOR YOUR ORDER
]]></system-out>
  </testcase>
</testsuite>